{
  "time": "27/11/2023 15:49:05",
  "headers": {
    "host": "localhost:3000",
    "user-agent": "insomnia/8.4.5",
    "accept": "*/*"
  },
  "ip": "::ffff:127.0.0.1",
  "url": "/api/auth/",
  "hostname": "localhost"
}
{
  "time": "27/11/2023 15:49:52",
  "headers": {
    "host": "localhost:3000",
    "user-agent": "insomnia/8.4.2",
    "accept": "*/*"
  },
  "ip": "::ffff:127.0.0.1",
  "url": "/",
  "hostname": "localhost"
}
{
  "time": "27/11/2023 15:49:59",
  "headers": {
    "host": "localhost:3000",
    "user-agent": "insomnia/8.4.2",
    "accept": "*/*"
  },
  "ip": "::ffff:127.0.0.1",
  "url": "/",
  "hostname": "localhost"
}
{
  "time": "27/11/2023 16:57:28",
  "headers": {
    "host": "localhost:3000",
    "user-agent": "insomnia/8.4.2",
    "accept": "*/*"
  },
  "ip": "::ffff:127.0.0.1",
  "url": "/",
  "hostname": "localhost"
}
{
  "time": "27/11/2023 16:57:31",
  "headers": {
    "host": "localhost:3000",
    "user-agent": "insomnia/8.4.2",
    "accept": "*/*"
  },
  "ip": "::ffff:127.0.0.1",
  "url": "/api/books",
  "hostname": "localhost"
}
{
  "time": "27/11/2023 16:57:57",
  "headers": {
    "host": "localhost:3000",
    "user-agent": "insomnia/8.4.2",
    "authorization": "Bearer undefined",
    "accept": "*/*"
  },
  "ip": "::ffff:127.0.0.1",
  "url": "/api/books/2",
  "hostname": "localhost"
}
{
  "time": "27/11/2023 16:58:01",
  "headers": {
    "host": "localhost:3000",
    "user-agent": "insomnia/8.4.2",
    "authorization": "Bearer undefined",
    "accept": "*/*"
  },
  "ip": "::ffff:127.0.0.1",
  "url": "/api/books/1",
  "hostname": "localhost"
}
{
  "time": "27/11/2023 16:58:24",
  "headers": {
    "host": "localhost:3000",
    "content-type": "application/json",
    "user-agent": "insomnia/8.4.2",
    "authorization": "Bearer undefined",
    "accept": "*/*",
    "content-length": "151"
  },
  "ip": "::ffff:127.0.0.1",
  "url": "/api/books/1",
  "hostname": "localhost"
}
{
  "time": "27/11/2023 16:58:28",
  "headers": {
    "host": "localhost:3000",
    "user-agent": "insomnia/8.4.5",
    "accept": "*/*"
  },
  "ip": "::ffff:127.0.0.1",
  "url": "/api/auth/",
  "hostname": "localhost"
}
{
  "time": "27/11/2023 16:58:34",
  "headers": {
    "host": "localhost:3000",
    "content-type": "application/json",
    "user-agent": "insomnia/8.4.4",
    "accept": "*/*",
    "content-length": "63"
  },
  "ip": "::ffff:127.0.0.1",
  "url": "/api/auth/connect",
  "hostname": "localhost"
}
{
  "time": "27/11/2023 17:00:15",
  "headers": {
    "host": "localhost:3000",
    "content-type": "application/json",
    "user-agent": "insomnia/8.4.2",
    "authorization": "Basic dGVzdEB0ZXN0LmNvbTptYXhpbWVjaGFtcGlnbmV1eA==",
    "accept": "*/*",
    "content-length": "151"
  },
  "ip": "::ffff:127.0.0.1",
  "url": "/api/books/1",
  "hostname": "localhost"
}
{
  "time": "27/11/2023 17:00:17",
  "headers": {
    "host": "localhost:3000",
    "content-type": "application/json",
    "user-agent": "insomnia/8.4.2",
    "authorization": "Basic dGVzdEB0ZXN0LmNvbTptYXhpbWVjaGFtcGlnbmV1eA==",
    "accept": "*/*",
    "content-length": "151"
  },
  "ip": "::ffff:127.0.0.1",
  "url": "/api/books/1",
  "hostname": "localhost"
}
{
  "time": "27/11/2023 17:03:24",
  "headers": {
    "host": "localhost:3000",
    "content-type": "application/json",
    "user-agent": "insomnia/8.4.4",
    "accept": "*/*",
    "content-length": "63"
  },
  "ip": "::ffff:127.0.0.1",
  "url": "/api/auth/connect",
  "hostname": "localhost"
}
{
  "time": "27/11/2023 17:03:53",
  "headers": {
    "host": "localhost:3000",
    "content-type": "application/json",
    "user-agent": "insomnia/8.4.2",
    "authorization": "Bearer eyJhbGciOiJIUzI1NiIsInR5cCI6IkpXVCJ9.eyJ1c2VySWQiOiI2NTYxMTczOGI1YjRhY2U0MDk4ZDNmNjMiLCJpYXQiOjE3MDExMDEwMDQsImV4cCI6MTcwMTE4NzQwNH0.7Z_fM8DBjSh9waxL8ipF5cv-nfSoUIKcz5Y0iG8R_7E",
    "accept": "*/*",
    "content-length": "151"
  },
  "ip": "::ffff:127.0.0.1",
  "url": "/api/books/1",
  "hostname": "localhost"
}
{
  "time": "27/11/2023 17:04:01",
  "headers": {
    "host": "localhost:3000",
    "user-agent": "insomnia/8.4.2",
    "authorization": "Bearer undefined",
    "accept": "*/*"
  },
  "ip": "::ffff:127.0.0.1",
  "url": "/api/books/1",
  "hostname": "localhost"
}
{
  "time": "28/11/2023 17:45:19",
  "headers": {
    "host": "localhost:3000",
    "user-agent": "insomnia/8.4.5",
    "accept": "*/*"
  },
  "ip": "::ffff:127.0.0.1",
  "url": "/api/auth/",
  "hostname": "localhost"
}
{
  "time": "28/11/2023 17:45:45",
  "headers": {
    "host": "localhost:3000",
    "user-agent": "insomnia/8.4.2",
    "accept": "*/*"
  },
  "ip": "::ffff:127.0.0.1",
  "url": "/api/books",
  "hostname": "localhost"
}
{
  "time": "28/11/2023 17:53:35",
  "headers": {
    "host": "localhost:3000",
    "user-agent": "insomnia/8.4.2",
    "authorization": "Bearer undefined",
    "accept": "*/*"
  },
  "ip": "::ffff:127.0.0.1",
  "url": "/api/books/1",
  "hostname": "localhost"
}
{
  "time": "28/11/2023 17:53:39",
  "headers": {
    "host": "localhost:3000",
    "user-agent": "insomnia/8.4.2",
    "authorization": "Bearer undefined",
    "accept": "*/*"
  },
  "ip": "::ffff:127.0.0.1",
  "url": "/api/books/1",
  "hostname": "localhost"
}
{
  "time": "28/11/2023 17:53:54",
  "headers": {
    "host": "localhost:3000",
    "user-agent": "insomnia/8.4.2",
    "accept": "*/*"
  },
  "ip": "::ffff:127.0.0.1",
  "url": "/api/books",
  "hostname": "localhost"
}
{
  "time": "28/11/2023 17:59:51",
  "headers": {
    "host": "localhost:3000",
    "content-type": "application/json",
    "user-agent": "insomnia/8.4.2",
    "authorization": "Bearer eyJhbGciOiJIUzI1NiIsInR5cCI6IkpXVCJ9.eyJ1c2VySWQiOiI2NTYxMTczOGI1YjRhY2U0MDk4ZDNmNjMiLCJpYXQiOjE3MDExMDEwMDQsImV4cCI6MTcwMTE4NzQwNH0.7Z_fM8DBjSh9waxL8ipF5cv-nfSoUIKcz5Y0iG8R_7E",
    "accept": "*/*",
    "content-length": "32"
  },
  "ip": "::ffff:127.0.0.1",
  "url": "/api/books/1",
  "hostname": "localhost"
}
{
  "time": "28/11/2023 18:00:01",
  "headers": {
    "host": "localhost:3000",
    "user-agent": "insomnia/8.4.2",
    "accept": "*/*"
  },
  "ip": "::ffff:127.0.0.1",
  "url": "/api/books",
  "hostname": "localhost"
}
{
  "time": "28/11/2023 18:00:06",
  "headers": {
    "host": "localhost:3000",
    "user-agent": "insomnia/8.4.2",
    "accept": "*/*"
  },
  "ip": "::ffff:127.0.0.1",
  "url": "/api/books",
  "hostname": "localhost"
}
{
  "time": "28/11/2023 18:00:55",
  "headers": {
    "host": "localhost:3000",
    "user-agent": "insomnia/8.4.2",
    "accept": "*/*"
  },
  "ip": "::ffff:127.0.0.1",
  "url": "/api/books",
  "hostname": "localhost"
}
{
  "time": "28/11/2023 18:01:01",
  "headers": {
    "host": "localhost:3000",
    "content-type": "application/json",
    "user-agent": "insomnia/8.4.2",
    "authorization": "Bearer eyJhbGciOiJIUzI1NiIsInR5cCI6IkpXVCJ9.eyJ1c2VySWQiOiI2NTYxMTczOGI1YjRhY2U0MDk4ZDNmNjMiLCJpYXQiOjE3MDExMDEwMDQsImV4cCI6MTcwMTE4NzQwNH0.7Z_fM8DBjSh9waxL8ipF5cv-nfSoUIKcz5Y0iG8R_7E",
    "accept": "*/*",
    "content-length": "32"
  },
  "ip": "::ffff:127.0.0.1",
  "url": "/api/books/1",
  "hostname": "localhost"
}
{
  "time": "28/11/2023 18:03:22",
  "headers": {
    "host": "localhost:3000",
    "content-type": "application/json",
    "user-agent": "insomnia/8.4.2",
    "authorization": "Bearer eyJhbGciOiJIUzI1NiIsInR5cCI6IkpXVCJ9.eyJ1c2VySWQiOiI2NTYxMTczOGI1YjRhY2U0MDk4ZDNmNjMiLCJpYXQiOjE3MDExMDEwMDQsImV4cCI6MTcwMTE4NzQwNH0.7Z_fM8DBjSh9waxL8ipF5cv-nfSoUIKcz5Y0iG8R_7E",
    "accept": "*/*",
    "content-length": "133"
  },
  "ip": "::ffff:127.0.0.1",
  "url": "/api/books/1",
  "hostname": "localhost"
}
{
  "time": "28/11/2023 18:03:26",
  "headers": {
    "host": "localhost:3000",
    "user-agent": "insomnia/8.4.2",
    "accept": "*/*"
  },
  "ip": "::ffff:127.0.0.1",
  "url": "/api/books",
  "hostname": "localhost"
}
{
  "time": "28/11/2023 18:15:05",
  "headers": {
    "host": "localhost:3000",
    "content-type": "application/json",
    "user-agent": "insomnia/8.4.2",
    "authorization": "Bearer eyJhbGciOiJIUzI1NiIsInR5cCI6IkpXVCJ9.eyJ1c2VySWQiOiI2NTYxMTczOGI1YjRhY2U0MDk4ZDNmNjMiLCJpYXQiOjE3MDExMDEwMDQsImV4cCI6MTcwMTE4NzQwNH0.7Z_fM8DBjSh9waxL8ipF5cv-nfSoUIKcz5Y0iG8R_7E",
    "accept": "*/*",
    "content-length": "133"
  },
  "ip": "::ffff:127.0.0.1",
  "url": "/api/books/1",
  "hostname": "localhost"
}
{
  "time": "28/11/2023 18:15:31",
  "headers": {
    "host": "localhost:3000",
    "content-type": "application/json",
    "user-agent": "insomnia/8.4.4",
    "accept": "*/*",
    "content-length": "63"
  },
  "ip": "::ffff:127.0.0.1",
  "url": "/api/auth/connect",
  "hostname": "localhost"
}
{
  "time": "28/11/2023 18:15:50",
  "headers": {
    "host": "localhost:3000",
    "content-type": "application/json",
    "user-agent": "insomnia/8.4.2",
    "authorization": "Bearer eyJhbGciOiJIUzI1NiIsInR5cCI6IkpXVCJ9.eyJ1c2VySWQiOiI2NTYxMTczOGI1YjRhY2U0MDk4ZDNmNjMiLCJpYXQiOjE3MDExOTE3MzEsImV4cCI6MTcwMTI3ODEzMX0.hy7HAtXnboWDxxbRoUcb4Jj65vXOp3D_06DvBUIhRps",
    "accept": "*/*",
    "content-length": "133"
  },
  "ip": "::ffff:127.0.0.1",
  "url": "/api/books/1",
  "hostname": "localhost"
}
{
  "time": "28/11/2023 18:22:40",
  "headers": {
    "host": "localhost:3000",
    "content-type": "application/json",
    "user-agent": "insomnia/8.4.2",
    "authorization": "Bearer eyJhbGciOiJIUzI1NiIsInR5cCI6IkpXVCJ9.eyJ1c2VySWQiOiI2NTYxMTczOGI1YjRhY2U0MDk4ZDNmNjMiLCJpYXQiOjE3MDExOTE3MzEsImV4cCI6MTcwMTI3ODEzMX0.hy7HAtXnboWDxxbRoUcb4Jj65vXOp3D_06DvBUIhRps",
    "accept": "*/*",
    "content-length": "133"
  },
  "ip": "::ffff:127.0.0.1",
  "url": "/api/books/1",
  "hostname": "localhost"
}
{
  "time": "28/11/2023 18:23:27",
  "headers": {
    "host": "localhost:3000",
    "content-type": "application/json",
    "user-agent": "insomnia/8.4.2",
    "authorization": "Bearer eyJhbGciOiJIUzI1NiIsInR5cCI6IkpXVCJ9.eyJ1c2VySWQiOiI2NTYxMTczOGI1YjRhY2U0MDk4ZDNmNjMiLCJpYXQiOjE3MDExOTE3MzEsImV4cCI6MTcwMTI3ODEzMX0.hy7HAtXnboWDxxbRoUcb4Jj65vXOp3D_06DvBUIhRp",
    "accept": "*/*",
    "content-length": "133"
  },
  "ip": "::ffff:127.0.0.1",
  "url": "/api/books/1",
  "hostname": "localhost"
}
{
  "time": "28/11/2023 18:24:46",
  "headers": {
    "host": "localhost:3000",
    "content-type": "application/json",
    "user-agent": "insomnia/8.4.2",
    "authorization": "Bearer eyJhbGciOiJIUzI1NiIsInR5cCI6IkpXVCJ9.eyJ1c2VySWQiOiI2NTYxMTczOGI1YjRhY2U0MDk4ZDNmNjMiLCJpYXQiOjE3MDExOTE3MzEsImV4cCI6MTcwMTI3ODEzMX0.hy7HAtXnboWDxxbRoUcb4Jj65vXOp3D_06DvBUIhRps",
    "accept": "*/*",
    "content-length": "133"
  },
  "ip": "::ffff:127.0.0.1",
  "url": "/api/books/1",
  "hostname": "localhost"
}
{
  "time": "28/11/2023 18:38:39",
  "headers": {
    "host": "localhost:4000",
    "connection": "keep-alive",
    "accept": "*/*",
    "access-control-request-method": "POST",
    "access-control-request-headers": "content-type",
    "origin": "http://localhost:3001",
    "user-agent": "Mozilla/5.0 (Windows NT 10.0; Win64; x64) AppleWebKit/537.36 (KHTML, like Gecko) Chrome/119.0.0.0 Safari/537.36",
    "sec-fetch-mode": "cors",
    "sec-fetch-site": "same-site",
    "sec-fetch-dest": "empty",
    "referer": "http://localhost:3001/",
    "accept-encoding": "gzip, deflate, br",
    "accept-language": "fr-FR,fr;q=0.9,en-US;q=0.8,en;q=0.7"
  },
  "ip": "::1",
  "url": "/api/auth/login",
  "hostname": "localhost"
}
{
  "time": "28/11/2023 18:38:39",
  "headers": {
    "host": "localhost:4000",
    "connection": "keep-alive",
    "content-length": "56",
    "sec-ch-ua": "\"Google Chrome\";v=\"119\", \"Chromium\";v=\"119\", \"Not?A_Brand\";v=\"24\"",
    "accept": "application/json, text/plain, */*",
    "content-type": "application/json",
    "dnt": "1",
    "sec-ch-ua-mobile": "?0",
    "user-agent": "Mozilla/5.0 (Windows NT 10.0; Win64; x64) AppleWebKit/537.36 (KHTML, like Gecko) Chrome/119.0.0.0 Safari/537.36",
    "sec-ch-ua-platform": "\"Windows\"",
    "origin": "http://localhost:3001",
    "sec-fetch-site": "same-site",
    "sec-fetch-mode": "cors",
    "sec-fetch-dest": "empty",
    "referer": "http://localhost:3001/",
    "accept-encoding": "gzip, deflate, br",
    "accept-language": "fr-FR,fr;q=0.9,en-US;q=0.8,en;q=0.7"
  },
  "ip": "::1",
  "url": "/api/auth/login",
  "hostname": "localhost"
}
{
  "time": "28/11/2023 18:39:01",
  "headers": {
    "host": "localhost:4000",
    "user-agent": "insomnia/8.4.2",
    "accept": "*/*"
  },
  "ip": "::ffff:127.0.0.1",
  "url": "/api/books",
  "hostname": "localhost"
}
{
  "time": "28/11/2023 18:40:01",
  "headers": {
    "host": "localhost:4000",
    "connection": "keep-alive",
    "accept": "*/*",
    "access-control-request-method": "POST",
    "access-control-request-headers": "content-type",
    "origin": "http://localhost:3001",
    "user-agent": "Mozilla/5.0 (Windows NT 10.0; Win64; x64) AppleWebKit/537.36 (KHTML, like Gecko) Chrome/119.0.0.0 Safari/537.36",
    "sec-fetch-mode": "cors",
    "sec-fetch-site": "same-site",
    "sec-fetch-dest": "empty",
    "referer": "http://localhost:3001/",
    "accept-encoding": "gzip, deflate, br",
    "accept-language": "fr-FR,fr;q=0.9,en-US;q=0.8,en;q=0.7"
  },
  "ip": "::1",
  "url": "/api/auth/login",
  "hostname": "localhost"
}
{
  "time": "28/11/2023 18:40:01",
  "headers": {
    "host": "localhost:4000",
    "connection": "keep-alive",
    "content-length": "56",
    "sec-ch-ua": "\"Google Chrome\";v=\"119\", \"Chromium\";v=\"119\", \"Not?A_Brand\";v=\"24\"",
    "accept": "application/json, text/plain, */*",
    "content-type": "application/json",
    "dnt": "1",
    "sec-ch-ua-mobile": "?0",
    "user-agent": "Mozilla/5.0 (Windows NT 10.0; Win64; x64) AppleWebKit/537.36 (KHTML, like Gecko) Chrome/119.0.0.0 Safari/537.36",
    "sec-ch-ua-platform": "\"Windows\"",
    "origin": "http://localhost:3001",
    "sec-fetch-site": "same-site",
    "sec-fetch-mode": "cors",
    "sec-fetch-dest": "empty",
    "referer": "http://localhost:3001/",
    "accept-encoding": "gzip, deflate, br",
    "accept-language": "fr-FR,fr;q=0.9,en-US;q=0.8,en;q=0.7"
  },
  "ip": "::1",
  "url": "/api/auth/login",
  "hostname": "localhost"
}
{
  "time": "28/11/2023 18:40:03",
  "headers": {
    "host": "localhost:4000",
    "connection": "keep-alive",
    "content-length": "56",
    "sec-ch-ua": "\"Google Chrome\";v=\"119\", \"Chromium\";v=\"119\", \"Not?A_Brand\";v=\"24\"",
    "accept": "application/json, text/plain, */*",
    "content-type": "application/json",
    "dnt": "1",
    "sec-ch-ua-mobile": "?0",
    "user-agent": "Mozilla/5.0 (Windows NT 10.0; Win64; x64) AppleWebKit/537.36 (KHTML, like Gecko) Chrome/119.0.0.0 Safari/537.36",
    "sec-ch-ua-platform": "\"Windows\"",
    "origin": "http://localhost:3001",
    "sec-fetch-site": "same-site",
    "sec-fetch-mode": "cors",
    "sec-fetch-dest": "empty",
    "referer": "http://localhost:3001/",
    "accept-encoding": "gzip, deflate, br",
    "accept-language": "fr-FR,fr;q=0.9,en-US;q=0.8,en;q=0.7"
  },
  "ip": "::1",
  "url": "/api/auth/login",
  "hostname": "localhost"
}
{
  "time": "28/11/2023 18:40:03",
  "headers": {
    "host": "localhost:4000",
    "connection": "keep-alive",
    "content-length": "56",
    "sec-ch-ua": "\"Google Chrome\";v=\"119\", \"Chromium\";v=\"119\", \"Not?A_Brand\";v=\"24\"",
    "accept": "application/json, text/plain, */*",
    "content-type": "application/json",
    "dnt": "1",
    "sec-ch-ua-mobile": "?0",
    "user-agent": "Mozilla/5.0 (Windows NT 10.0; Win64; x64) AppleWebKit/537.36 (KHTML, like Gecko) Chrome/119.0.0.0 Safari/537.36",
    "sec-ch-ua-platform": "\"Windows\"",
    "origin": "http://localhost:3001",
    "sec-fetch-site": "same-site",
    "sec-fetch-mode": "cors",
    "sec-fetch-dest": "empty",
    "referer": "http://localhost:3001/",
    "accept-encoding": "gzip, deflate, br",
    "accept-language": "fr-FR,fr;q=0.9,en-US;q=0.8,en;q=0.7"
  },
  "ip": "::1",
  "url": "/api/auth/login",
  "hostname": "localhost"
}
{
  "time": "28/11/2023 18:40:57",
  "headers": {
    "host": "localhost:4000",
    "connection": "keep-alive",
    "accept": "*/*",
    "access-control-request-method": "POST",
    "access-control-request-headers": "content-type",
    "origin": "http://localhost:3001",
    "user-agent": "Mozilla/5.0 (Windows NT 10.0; Win64; x64) AppleWebKit/537.36 (KHTML, like Gecko) Chrome/119.0.0.0 Safari/537.36",
    "sec-fetch-mode": "cors",
    "sec-fetch-site": "same-site",
    "sec-fetch-dest": "empty",
    "referer": "http://localhost:3001/",
    "accept-encoding": "gzip, deflate, br",
    "accept-language": "fr-FR,fr;q=0.9,en-US;q=0.8,en;q=0.7"
  },
  "ip": "::1",
  "url": "/api/auth/login",
  "hostname": "localhost"
}
{
  "time": "28/11/2023 18:40:57",
  "headers": {
    "host": "localhost:4000",
    "connection": "keep-alive",
    "content-length": "56",
    "sec-ch-ua": "\"Google Chrome\";v=\"119\", \"Chromium\";v=\"119\", \"Not?A_Brand\";v=\"24\"",
    "accept": "application/json, text/plain, */*",
    "content-type": "application/json",
    "dnt": "1",
    "sec-ch-ua-mobile": "?0",
    "user-agent": "Mozilla/5.0 (Windows NT 10.0; Win64; x64) AppleWebKit/537.36 (KHTML, like Gecko) Chrome/119.0.0.0 Safari/537.36",
    "sec-ch-ua-platform": "\"Windows\"",
    "origin": "http://localhost:3001",
    "sec-fetch-site": "same-site",
    "sec-fetch-mode": "cors",
    "sec-fetch-dest": "empty",
    "referer": "http://localhost:3001/",
    "accept-encoding": "gzip, deflate, br",
    "accept-language": "fr-FR,fr;q=0.9,en-US;q=0.8,en;q=0.7"
  },
  "ip": "::1",
  "url": "/api/auth/login",
  "hostname": "localhost"
}
{
  "time": "28/11/2023 18:41:04",
  "headers": {
    "host": "localhost:4000",
    "connection": "keep-alive",
    "accept": "*/*",
    "access-control-request-method": "POST",
    "access-control-request-headers": "content-type",
    "origin": "http://localhost:3001",
    "user-agent": "Mozilla/5.0 (Windows NT 10.0; Win64; x64) AppleWebKit/537.36 (KHTML, like Gecko) Chrome/119.0.0.0 Safari/537.36",
    "sec-fetch-mode": "cors",
    "sec-fetch-site": "same-site",
    "sec-fetch-dest": "empty",
    "referer": "http://localhost:3001/",
    "accept-encoding": "gzip, deflate, br",
    "accept-language": "fr-FR,fr;q=0.9,en-US;q=0.8,en;q=0.7"
  },
  "ip": "::1",
  "url": "/api/auth/login",
  "hostname": "localhost"
}
{
  "time": "28/11/2023 18:41:04",
  "headers": {
    "host": "localhost:4000",
    "connection": "keep-alive",
    "content-length": "56",
    "sec-ch-ua": "\"Google Chrome\";v=\"119\", \"Chromium\";v=\"119\", \"Not?A_Brand\";v=\"24\"",
    "accept": "application/json, text/plain, */*",
    "content-type": "application/json",
    "dnt": "1",
    "sec-ch-ua-mobile": "?0",
    "user-agent": "Mozilla/5.0 (Windows NT 10.0; Win64; x64) AppleWebKit/537.36 (KHTML, like Gecko) Chrome/119.0.0.0 Safari/537.36",
    "sec-ch-ua-platform": "\"Windows\"",
    "origin": "http://localhost:3001",
    "sec-fetch-site": "same-site",
    "sec-fetch-mode": "cors",
    "sec-fetch-dest": "empty",
    "referer": "http://localhost:3001/",
    "accept-encoding": "gzip, deflate, br",
    "accept-language": "fr-FR,fr;q=0.9,en-US;q=0.8,en;q=0.7"
  },
  "ip": "::1",
  "url": "/api/auth/login",
  "hostname": "localhost"
}
{
  "time": "28/11/2023 18:46:49",
  "headers": {
    "host": "localhost:4000",
    "connection": "keep-alive",
    "accept": "*/*",
    "access-control-request-method": "POST",
    "access-control-request-headers": "content-type",
    "origin": "http://localhost:3001",
    "user-agent": "Mozilla/5.0 (Windows NT 10.0; Win64; x64) AppleWebKit/537.36 (KHTML, like Gecko) Chrome/119.0.0.0 Safari/537.36",
    "sec-fetch-mode": "cors",
    "sec-fetch-site": "same-site",
    "sec-fetch-dest": "empty",
    "referer": "http://localhost:3001/",
    "accept-encoding": "gzip, deflate, br",
    "accept-language": "fr-FR,fr;q=0.9,en-US;q=0.8,en;q=0.7"
  },
  "ip": "::1",
  "url": "/api/auth/login",
  "hostname": "localhost"
}
{
  "time": "28/11/2023 18:46:49",
  "headers": {
    "host": "localhost:4000",
    "connection": "keep-alive",
    "content-length": "56",
    "sec-ch-ua": "\"Google Chrome\";v=\"119\", \"Chromium\";v=\"119\", \"Not?A_Brand\";v=\"24\"",
    "accept": "application/json, text/plain, */*",
    "content-type": "application/json",
    "dnt": "1",
    "sec-ch-ua-mobile": "?0",
    "user-agent": "Mozilla/5.0 (Windows NT 10.0; Win64; x64) AppleWebKit/537.36 (KHTML, like Gecko) Chrome/119.0.0.0 Safari/537.36",
    "sec-ch-ua-platform": "\"Windows\"",
    "origin": "http://localhost:3001",
    "sec-fetch-site": "same-site",
    "sec-fetch-mode": "cors",
    "sec-fetch-dest": "empty",
    "referer": "http://localhost:3001/",
    "accept-encoding": "gzip, deflate, br",
    "accept-language": "fr-FR,fr;q=0.9,en-US;q=0.8,en;q=0.7"
  },
  "ip": "::1",
  "url": "/api/auth/login",
  "hostname": "localhost"
}
{
  "time": "28/11/2023 18:47:19",
  "headers": {
    "host": "localhost:4000",
    "connection": "keep-alive",
    "accept": "*/*",
    "access-control-request-method": "POST",
    "access-control-request-headers": "content-type",
    "origin": "http://localhost:3001",
    "user-agent": "Mozilla/5.0 (Windows NT 10.0; Win64; x64) AppleWebKit/537.36 (KHTML, like Gecko) Chrome/119.0.0.0 Safari/537.36",
    "sec-fetch-mode": "cors",
    "sec-fetch-site": "same-site",
    "sec-fetch-dest": "empty",
    "referer": "http://localhost:3001/",
    "accept-encoding": "gzip, deflate, br",
    "accept-language": "fr-FR,fr;q=0.9,en-US;q=0.8,en;q=0.7"
  },
  "ip": "::1",
  "url": "/api/auth/login",
  "hostname": "localhost"
}
{
  "time": "28/11/2023 18:47:19",
  "headers": {
    "host": "localhost:4000",
    "connection": "keep-alive",
    "content-length": "56",
    "sec-ch-ua": "\"Google Chrome\";v=\"119\", \"Chromium\";v=\"119\", \"Not?A_Brand\";v=\"24\"",
    "accept": "application/json, text/plain, */*",
    "content-type": "application/json",
    "dnt": "1",
    "sec-ch-ua-mobile": "?0",
    "user-agent": "Mozilla/5.0 (Windows NT 10.0; Win64; x64) AppleWebKit/537.36 (KHTML, like Gecko) Chrome/119.0.0.0 Safari/537.36",
    "sec-ch-ua-platform": "\"Windows\"",
    "origin": "http://localhost:3001",
    "sec-fetch-site": "same-site",
    "sec-fetch-mode": "cors",
    "sec-fetch-dest": "empty",
    "referer": "http://localhost:3001/",
    "accept-encoding": "gzip, deflate, br",
    "accept-language": "fr-FR,fr;q=0.9,en-US;q=0.8,en;q=0.7"
  },
  "ip": "::1",
  "url": "/api/auth/login",
  "hostname": "localhost"
}
{
  "time": "28/11/2023 18:47:20",
  "headers": {
    "host": "localhost:4000",
    "connection": "keep-alive",
    "sec-ch-ua": "\"Google Chrome\";v=\"119\", \"Chromium\";v=\"119\", \"Not?A_Brand\";v=\"24\"",
    "accept": "application/json, text/plain, */*",
    "dnt": "1",
    "sec-ch-ua-mobile": "?0",
    "user-agent": "Mozilla/5.0 (Windows NT 10.0; Win64; x64) AppleWebKit/537.36 (KHTML, like Gecko) Chrome/119.0.0.0 Safari/537.36",
    "sec-ch-ua-platform": "\"Windows\"",
    "origin": "http://localhost:3001",
    "sec-fetch-site": "same-site",
    "sec-fetch-mode": "cors",
    "sec-fetch-dest": "empty",
    "referer": "http://localhost:3001/",
    "accept-encoding": "gzip, deflate, br",
    "accept-language": "fr-FR,fr;q=0.9,en-US;q=0.8,en;q=0.7"
  },
  "ip": "::1",
  "url": "/api/books",
  "hostname": "localhost"
}
{
  "time": "28/11/2023 18:47:20",
  "headers": {
    "host": "localhost:4000",
    "connection": "keep-alive",
    "sec-ch-ua": "\"Google Chrome\";v=\"119\", \"Chromium\";v=\"119\", \"Not?A_Brand\";v=\"24\"",
    "accept": "application/json, text/plain, */*",
    "dnt": "1",
    "sec-ch-ua-mobile": "?0",
    "user-agent": "Mozilla/5.0 (Windows NT 10.0; Win64; x64) AppleWebKit/537.36 (KHTML, like Gecko) Chrome/119.0.0.0 Safari/537.36",
    "sec-ch-ua-platform": "\"Windows\"",
    "origin": "http://localhost:3001",
    "sec-fetch-site": "same-site",
    "sec-fetch-mode": "cors",
    "sec-fetch-dest": "empty",
    "referer": "http://localhost:3001/",
    "accept-encoding": "gzip, deflate, br",
    "accept-language": "fr-FR,fr;q=0.9,en-US;q=0.8,en;q=0.7",
    "if-none-match": "W/\"81-tXiSbaEO+ggHComvO7F1rTIk3A0\""
  },
  "ip": "::ffff:127.0.0.1",
  "url": "/api/books",
  "hostname": "localhost"
}
{
  "time": "28/11/2023 18:47:34",
  "headers": {
    "host": "localhost:4000",
    "connection": "keep-alive",
    "sec-ch-ua": "\"Google Chrome\";v=\"119\", \"Chromium\";v=\"119\", \"Not?A_Brand\";v=\"24\"",
    "accept": "application/json, text/plain, */*",
    "dnt": "1",
    "sec-ch-ua-mobile": "?0",
    "user-agent": "Mozilla/5.0 (Windows NT 10.0; Win64; x64) AppleWebKit/537.36 (KHTML, like Gecko) Chrome/119.0.0.0 Safari/537.36",
    "sec-ch-ua-platform": "\"Windows\"",
    "origin": "http://localhost:3001",
    "sec-fetch-site": "same-site",
    "sec-fetch-mode": "cors",
    "sec-fetch-dest": "empty",
    "referer": "http://localhost:3001/",
    "accept-encoding": "gzip, deflate, br",
    "accept-language": "fr-FR,fr;q=0.9,en-US;q=0.8,en;q=0.7",
    "if-none-match": "W/\"81-tXiSbaEO+ggHComvO7F1rTIk3A0\""
  },
  "ip": "::1",
  "url": "/api/books",
  "hostname": "localhost"
}
{
  "time": "28/11/2023 18:47:34",
  "headers": {
    "host": "localhost:4000",
    "connection": "keep-alive",
    "sec-ch-ua": "\"Google Chrome\";v=\"119\", \"Chromium\";v=\"119\", \"Not?A_Brand\";v=\"24\"",
    "accept": "application/json, text/plain, */*",
    "dnt": "1",
    "sec-ch-ua-mobile": "?0",
    "user-agent": "Mozilla/5.0 (Windows NT 10.0; Win64; x64) AppleWebKit/537.36 (KHTML, like Gecko) Chrome/119.0.0.0 Safari/537.36",
    "sec-ch-ua-platform": "\"Windows\"",
    "origin": "http://localhost:3001",
    "sec-fetch-site": "same-site",
    "sec-fetch-mode": "cors",
    "sec-fetch-dest": "empty",
    "referer": "http://localhost:3001/",
    "accept-encoding": "gzip, deflate, br",
    "accept-language": "fr-FR,fr;q=0.9,en-US;q=0.8,en;q=0.7",
    "if-none-match": "W/\"81-tXiSbaEO+ggHComvO7F1rTIk3A0\""
  },
  "ip": "::1",
  "url": "/api/books",
  "hostname": "localhost"
}
{
  "time": "28/11/2023 18:49:18",
  "headers": {
    "host": "localhost:4000",
    "connection": "keep-alive",
    "accept": "*/*",
    "access-control-request-method": "POST",
    "access-control-request-headers": "content-type",
    "origin": "http://localhost:3001",
    "user-agent": "Mozilla/5.0 (Windows NT 10.0; Win64; x64) AppleWebKit/537.36 (KHTML, like Gecko) Chrome/119.0.0.0 Safari/537.36",
    "sec-fetch-mode": "cors",
    "sec-fetch-site": "same-site",
    "sec-fetch-dest": "empty",
    "referer": "http://localhost:3001/",
    "accept-encoding": "gzip, deflate, br",
    "accept-language": "fr-FR,fr;q=0.9,en-US;q=0.8,en;q=0.7"
  },
  "ip": "::1",
  "url": "/api/auth/login",
  "hostname": "localhost"
}
{
  "time": "28/11/2023 18:49:18",
  "headers": {
    "host": "localhost:4000",
    "connection": "keep-alive",
    "content-length": "56",
    "sec-ch-ua": "\"Google Chrome\";v=\"119\", \"Chromium\";v=\"119\", \"Not?A_Brand\";v=\"24\"",
    "accept": "application/json, text/plain, */*",
    "content-type": "application/json",
    "dnt": "1",
    "sec-ch-ua-mobile": "?0",
    "user-agent": "Mozilla/5.0 (Windows NT 10.0; Win64; x64) AppleWebKit/537.36 (KHTML, like Gecko) Chrome/119.0.0.0 Safari/537.36",
    "sec-ch-ua-platform": "\"Windows\"",
    "origin": "http://localhost:3001",
    "sec-fetch-site": "same-site",
    "sec-fetch-mode": "cors",
    "sec-fetch-dest": "empty",
    "referer": "http://localhost:3001/",
    "accept-encoding": "gzip, deflate, br",
    "accept-language": "fr-FR,fr;q=0.9,en-US;q=0.8,en;q=0.7"
  },
  "ip": "::1",
  "url": "/api/auth/login",
  "hostname": "localhost"
}
{
  "time": "28/11/2023 18:49:18",
  "headers": {
    "host": "localhost:4000",
    "connection": "keep-alive",
    "sec-ch-ua": "\"Google Chrome\";v=\"119\", \"Chromium\";v=\"119\", \"Not?A_Brand\";v=\"24\"",
    "accept": "application/json, text/plain, */*",
    "dnt": "1",
    "sec-ch-ua-mobile": "?0",
    "user-agent": "Mozilla/5.0 (Windows NT 10.0; Win64; x64) AppleWebKit/537.36 (KHTML, like Gecko) Chrome/119.0.0.0 Safari/537.36",
    "sec-ch-ua-platform": "\"Windows\"",
    "origin": "http://localhost:3001",
    "sec-fetch-site": "same-site",
    "sec-fetch-mode": "cors",
    "sec-fetch-dest": "empty",
    "referer": "http://localhost:3001/",
    "accept-encoding": "gzip, deflate, br",
    "accept-language": "fr-FR,fr;q=0.9,en-US;q=0.8,en;q=0.7",
    "if-none-match": "W/\"81-tXiSbaEO+ggHComvO7F1rTIk3A0\""
  },
  "ip": "::1",
  "url": "/api/books",
  "hostname": "localhost"
}
{
  "time": "28/11/2023 18:49:18",
  "headers": {
    "host": "localhost:4000",
    "connection": "keep-alive",
    "sec-ch-ua": "\"Google Chrome\";v=\"119\", \"Chromium\";v=\"119\", \"Not?A_Brand\";v=\"24\"",
    "accept": "application/json, text/plain, */*",
    "dnt": "1",
    "sec-ch-ua-mobile": "?0",
    "user-agent": "Mozilla/5.0 (Windows NT 10.0; Win64; x64) AppleWebKit/537.36 (KHTML, like Gecko) Chrome/119.0.0.0 Safari/537.36",
    "sec-ch-ua-platform": "\"Windows\"",
    "origin": "http://localhost:3001",
    "sec-fetch-site": "same-site",
    "sec-fetch-mode": "cors",
    "sec-fetch-dest": "empty",
    "referer": "http://localhost:3001/",
    "accept-encoding": "gzip, deflate, br",
    "accept-language": "fr-FR,fr;q=0.9,en-US;q=0.8,en;q=0.7",
    "if-none-match": "W/\"81-tXiSbaEO+ggHComvO7F1rTIk3A0\""
  },
  "ip": "::1",
  "url": "/api/books",
  "hostname": "localhost"
}
{
  "time": "28/11/2023 23:31:08",
  "headers": {
    "host": "localhost:4000",
    "user-agent": "insomnia/8.4.2",
    "accept": "*/*"
  },
  "ip": "::ffff:127.0.0.1",
  "url": "/",
  "hostname": "localhost"
}
{
  "time": "28/11/2023 23:31:25",
  "headers": {
    "host": "localhost:4000",
    "user-agent": "insomnia/8.4.2",
    "accept": "*/*"
  },
  "ip": "::ffff:127.0.0.1",
  "url": "/api/books",
  "hostname": "localhost"
}
{
  "time": "28/11/2023 23:31:37",
  "headers": {
    "host": "localhost:4000",
    "content-type": "application/json",
    "user-agent": "insomnia/8.4.2",
    "accept": "*/*",
    "content-length": "0"
  },
  "ip": "::ffff:127.0.0.1",
  "url": "/api/books",
  "hostname": "localhost"
}
{
  "time": "28/11/2023 23:31:40",
  "headers": {
    "host": "localhost:4000",
    "user-agent": "insomnia/8.4.2",
    "accept": "*/*"
  },
  "ip": "::ffff:127.0.0.1",
  "url": "/api/books",
  "hostname": "localhost"
}
{
  "time": "28/11/2023 23:31:49",
  "headers": {
    "host": "localhost:4000",
    "content-type": "application/json",
    "user-agent": "insomnia/8.4.2",
    "accept": "*/*",
    "content-length": "153"
  },
  "ip": "::ffff:127.0.0.1",
  "url": "/api/books/1",
  "hostname": "localhost"
}
{
  "time": "28/11/2023 23:31:58",
  "headers": {
    "host": "localhost:4000",
    "user-agent": "insomnia/8.4.2",
    "accept": "*/*"
  },
  "ip": "::ffff:127.0.0.1",
  "url": "/api/books",
  "hostname": "localhost"
}
{
  "time": "28/11/2023 23:34:17",
  "headers": {
    "host": "localhost:4000",
    "user-agent": "insomnia/8.4.2",
    "accept": "*/*"
  },
  "ip": "::ffff:127.0.0.1",
  "url": "/api/books",
  "hostname": "localhost"
}
{
  "time": "28/11/2023 23:34:20",
  "headers": {
    "host": "localhost:4000",
    "user-agent": "insomnia/8.4.2",
    "accept": "*/*"
  },
  "ip": "::ffff:127.0.0.1",
  "url": "/",
  "hostname": "localhost"
}
{
  "time": "28/11/2023 23:34:23",
  "headers": {
    "host": "localhost:4000",
    "user-agent": "insomnia/8.4.2",
    "accept": "*/*"
  },
  "ip": "::ffff:127.0.0.1",
  "url": "/api/books",
  "hostname": "localhost"
}
{
  "time": "28/11/2023 23:34:35",
  "headers": {
    "host": "localhost:4000",
    "user-agent": "insomnia/8.4.2",
    "authorization": "Bearer undefined",
    "accept": "*/*"
  },
  "ip": "::ffff:127.0.0.1",
  "url": "/api/books/1",
  "hostname": "localhost"
}
{
  "time": "28/11/2023 23:34:42",
  "headers": {
    "host": "localhost:4000",
    "user-agent": "insomnia/8.4.2",
    "authorization": "Bearer undefined",
    "accept": "*/*"
  },
  "ip": "::ffff:127.0.0.1",
  "url": "/api/books/2",
  "hostname": "localhost"
}
{
  "time": "28/11/2023 23:34:46",
  "headers": {
    "host": "localhost:4000",
    "user-agent": "insomnia/8.4.2",
    "authorization": "Bearer undefined",
    "accept": "*/*"
  },
  "ip": "::ffff:127.0.0.1",
  "url": "/api/books/1",
  "hostname": "localhost"
}
{
  "time": "28/11/2023 23:35:14",
  "headers": {
    "host": "localhost:4000",
    "content-type": "application/json",
    "user-agent": "insomnia/8.4.2",
    "accept": "*/*",
    "content-length": "150"
  },
  "ip": "::ffff:127.0.0.1",
  "url": "/api/books/2",
  "hostname": "localhost"
}
{
  "time": "28/11/2023 23:35:17",
  "headers": {
    "host": "localhost:4000",
    "user-agent": "insomnia/8.4.2",
    "accept": "*/*"
  },
  "ip": "::ffff:127.0.0.1",
  "url": "/api/books",
  "hostname": "localhost"
}
{
  "time": "28/11/2023 23:35:40",
  "headers": {
    "host": "localhost:4000",
    "content-type": "application/json",
    "user-agent": "insomnia/8.4.2",
    "accept": "*/*",
    "content-length": "173"
  },
  "ip": "::ffff:127.0.0.1",
  "url": "/api/books/2",
  "hostname": "localhost"
}
{
  "time": "28/11/2023 23:35:44",
  "headers": {
    "host": "localhost:4000",
    "user-agent": "insomnia/8.4.2",
    "accept": "*/*"
  },
  "ip": "::ffff:127.0.0.1",
  "url": "/api/books",
  "hostname": "localhost"
}
{
  "time": "28/11/2023 23:36:46",
  "headers": {
    "host": "localhost:4000",
    "user-agent": "insomnia/8.4.5",
    "accept": "*/*"
  },
  "ip": "::ffff:127.0.0.1",
  "url": "/api/auth/",
  "hostname": "localhost"
}
{
  "time": "28/11/2023 23:37:23",
  "headers": {
    "host": "localhost:4000",
    "content-type": "application/json",
    "user-agent": "insomnia/8.4.4",
    "accept": "*/*",
    "content-length": "63"
  },
  "ip": "::ffff:127.0.0.1",
  "url": "/api/auth/login",
  "hostname": "localhost"
}
